{"level":"error","message":"ReferenceError: quantity is not defined - PUT en /64fcae446abbc5ebaf62c79a/products/64f64df102c0446eb31d7baf - 15/11/2023 "}
{"level":"error","message":"ReferenceError: quantity is not defined - PUT en /64fcae446abbc5ebaf62c79a/products/64f64df102c0446eb31d7baf - 15/11/2023 "}
{"level":"error","message":"MongoServerError: E11000 duplicate key error collection: Ecommerce.products index: code_1 dup key: { code: \"CUI-996\" } - POST en / - 16/11/2023 "}
{"level":"error","message":"ReferenceError: valor is not defined - POST en / - 16/11/2023 "}
{"level":"error","message":"ValidationError: arrayCart.3.quantity: Cast to Number failed for value \"undefined\" (type string) at path \"quantity\" - PUT en /64fcae446abbc5ebaf62c79a/products/64f64df102c0446eb31d7baf - 17/11/2023 "}
{"level":"error","message":"ValidationError: arrayCart.3.quantity: Cast to Number failed for value \"undefined\" (type string) at path \"quantity\" - PUT en /64fcae446abbc5ebaf62c79a/products/64f64df102c0446eb31d7baf - 17/11/2023 "}
{"level":"error","message":"ValidationError: arrayCart.3.quantity: Cast to Number failed for value \"undefined\" (type string) at path \"quantity\" - PUT en /64fcae446abbc5ebaf62c79a/products/64f64df102c0446eb31d7baf - 17/11/2023 "}
{"level":"error","message":"ValidationError: arrayCart.3.quantity: Cast to Number failed for value \"undefined\" (type string) at path \"quantity\" - PUT en /64fcae446abbc5ebaf62c79a/products/64f64df102c0446eb31d7baf - 17/11/2023 "}
{"level":"error","message":"ValidationError: arrayCart.3.quantity: Cast to Number failed for value \"NaN\" (type number) at path \"quantity\" - PUT en /64fcae446abbc5ebaf62c79a/products/64f64df102c0446eb31d7baf - 17/11/2023 "}
{"level":"error","message":"ValidationError: arrayCart.3.quantity: Cast to Number failed for value \"NaN\" (type number) at path \"quantity\" - PUT en /64fcae446abbc5ebaf62c79a/products/64f64df102c0446eb31d7baf - 17/11/2023 "}
{"level":"error","message":"ValidationError: arrayCart.3.quantity: Cast to Number failed for value \"NaN\" (type number) at path \"quantity\" - PUT en /64fcae446abbc5ebaf62c79a/products/64f64df102c0446eb31d7baf - 17/11/2023 "}
{"level":"error","message":"ObjectParameterError: Parameter \"filter\" to findOne() must be an object, got \"64f71fe6cd96b7c2689f6994\" (type string) - PUT en /64fcae446abbc5ebaf62c79a/products/64f71fe6cd96b7c2689f6994 - 20/11/2023 "}
{"level":"error","message":"ObjectParameterError: Parameter \"filter\" to findOne() must be an object, got \"64f64f1f02c0446eb31d7bb7\" (type string) - PUT en /64fcae446abbc5ebaf62c79a/products/64f64f1f02c0446eb31d7bb7 - 20/11/2023 "}
{"level":"error","message":"ReferenceError: quantity is not defined - PUT en /64fcae446abbc5ebaf62c79a/products/64f71fe6cd96b7c2689f6994 - 20/11/2023 "}
{"level":"error","message":"ObjectParameterError: Parameter \"filter\" to findOne() must be an object, got \"64f71fe6cd96b7c2689f6994\" (type string) - PUT en /64fcae446abbc5ebaf62c79a/products/64f71fe6cd96b7c2689f6994 - 20/11/2023 "}
{"level":"error","message":"ValidationError: arrayCart.3.quantity: Cast to Number failed for value \"1D\" (type string) at path \"quantity\" - PUT en /64fcae446abbc5ebaf62c79a/products/64f71fe6cd96b7c2689f6994 - 20/11/2023 "}
{"level":"error","message":"ValidationError: arrayCart.3.quantity: Cast to Number failed for value \"1DE\" (type string) at path \"quantity\" - PUT en /64fcae446abbc5ebaf62c79a/products/64f71fe6cd96b7c2689f6994 - 20/11/2023 "}
{"level":"error","message":"ObjectParameterError: Parameter \"filter\" to findOne() must be an object, got \"64f71fe6cd96b7c2689f6994\" (type string) - PUT en /64fcae446abbc5ebaf62c79a/products/64f71fe6cd96b7c2689f6994 - 21/11/2023 "}
{"level":"error","message":"ObjectParameterError: Parameter \"filter\" to findOne() must be an object, got \"64f71fe6cd96b7c2689f6994\" (type string) - PUT en /64fcae446abbc5ebaf62c79a/products/64f71fe6cd96b7c2689f6994 - 21/11/2023 "}
{"level":"error","message":"ObjectParameterError: Parameter \"filter\" to findOne() must be an object, got \"64f71fe6cd96b7c2689f6994\" (type string) - PUT en /64fcae446abbc5ebaf62c79a/products/64f71fe6cd96b7c2689f6994 - 21/11/2023 "}
{"level":"error","message":"ReferenceError: error is not defined - PUT en /64fcae446abbc5ebaf62c79a/products/64f71fe6cd96b7c2689f6994 - 21/11/2023 "}
{"level":"error","message":"TypeError: Cannot read properties of undefined (reading 'rol') - PUT en /655217dd478c7ea0b23a0689/products/64f64ffa02c0446eb31d7bbd - 26/11/2023 "}
